<?xml version="1.0" encoding="UTF-8"?>
<testng-results ignored="0" total="1" passed="1" failed="0" skipped="0">
  <reporter-output>
  </reporter-output>
  <suite started-at="2024-07-04T18:14:36 MESZ" name="Tests" finished-at="2024-07-04T18:14:47 MESZ" duration-ms="10327">
    <groups>
    </groups>
    <test started-at="2024-07-04T18:14:36 MESZ" name="Test2" finished-at="2024-07-04T18:14:47 MESZ" duration-ms="10327">
      <class name="com.demoqa.tests.LoginTests">
        <test-method is-config="true" signature="startBrowser(java.lang.reflect.Method)[pri:0, instance:com.demoqa.tests.LoginTests@4944252c]" started-at="2024-07-04T18:14:36 MESZ" name="startBrowser" finished-at="2024-07-04T18:14:42 MESZ" duration-ms="5291" status="PASS">
          <params>
            <param index="0">
              <value>
                <![CDATA[public void com.demoqa.tests.LoginTests.loginPositiveTest()]]>
              </value>
            </param>
          </params>
          <reporter-output>
          </reporter-output>
        </test-method> <!-- startBrowser -->
        <test-method is-config="true" signature="precondition()[pri:0, instance:com.demoqa.tests.LoginTests@4944252c]" started-at="2024-07-04T18:14:42 MESZ" name="precondition" finished-at="2024-07-04T18:14:43 MESZ" duration-ms="1429" status="PASS">
          <reporter-output>
          </reporter-output>
        </test-method> <!-- precondition -->
        <test-method signature="loginPositiveTest()[pri:0, instance:com.demoqa.tests.LoginTests@4944252c]" started-at="2024-07-04T18:14:43 MESZ" name="loginPositiveTest" finished-at="2024-07-04T18:14:45 MESZ" duration-ms="2134" status="PASS">
          <reporter-output>
          </reporter-output>
        </test-method> <!-- loginPositiveTest -->
        <test-method is-config="true" signature="tearDown(org.testng.ITestResult)[pri:0, instance:com.demoqa.tests.LoginTests@4944252c]" started-at="2024-07-04T18:14:45 MESZ" name="tearDown" finished-at="2024-07-04T18:14:47 MESZ" duration-ms="1409" status="PASS">
          <params>
            <param index="0">
              <value>
                <![CDATA[[TestResult name=loginPositiveTest status=SUCCESS method=LoginTests.loginPositiveTest()[pri:0, instance:com.demoqa.tests.LoginTests@4944252c] output={null}]]]>
              </value>
            </param>
          </params>
          <reporter-output>
          </reporter-output>
        </test-method> <!-- tearDown -->
      </class> <!-- com.demoqa.tests.LoginTests -->
    </test> <!-- Test2 -->
  </suite> <!-- Tests -->
</testng-results>
